<?xml version="1.0" encoding="UTF-8"?>
<robot generator="Robot 5.0.1 (Python 3.10.6 on win32)" generated="20220815 16:35:00.158" rpa="false" schemaversion="3">
<suite id="s1" name="E2E-CreateQoute" source="C:\Users\abeer.hasan\Desktop\CaesarStone-Prod\Tests\E2E-CreateQoute.robot">
<kw name="Initiate Web Tests" library="Login Retailer" type="SETUP">
<arg>${BROWSER}</arg>
<arg>${BROWSER_OPTIONS}</arg>
<kw name="Begin Web Test" library="Common">
<arg>${Browser}</arg>
<arg>${Options}</arg>
<kw name="Open Browser" library="SeleniumLibrary">
<arg>about:blank</arg>
<arg>${Browser}</arg>
<arg>options=${Options}</arg>
<doc>Opens a new browser instance to the optional ``url``.</doc>
<msg timestamp="20220815 16:35:00.991" level="INFO">Opening browser 'chrome' to base url 'about:blank'.</msg>
<status status="PASS" starttime="20220815 16:35:00.991" endtime="20220815 16:35:04.303"/>
</kw>
<status status="PASS" starttime="20220815 16:35:00.990" endtime="20220815 16:35:04.303"/>
</kw>
<kw name="Login To CSpartial" library="Login Retailer">
<kw name="Read Input" library="functions">
<var>${cspartial login_page}</var>
<arg>2</arg>
<arg>1</arg>
<msg timestamp="20220815 16:35:04.315" level="INFO">${cspartial login_page} = https://caesarstone.my.salesforce.com/</msg>
<status status="PASS" starttime="20220815 16:35:04.304" endtime="20220815 16:35:04.315"/>
</kw>
<kw name="Read Input" library="functions">
<var>${login_username}</var>
<arg>2</arg>
<arg>2</arg>
<msg timestamp="20220815 16:35:04.323" level="INFO">${login_username} = sftestuser@caesarstone.com</msg>
<status status="PASS" starttime="20220815 16:35:04.315" endtime="20220815 16:35:04.323"/>
</kw>
<kw name="Read Input" library="functions">
<var>${login_password}</var>
<arg>2</arg>
<arg>3</arg>
<msg timestamp="20220815 16:35:04.332" level="INFO">${login_password} = 1q2w3e4r5t6y</msg>
<status status="PASS" starttime="20220815 16:35:04.324" endtime="20220815 16:35:04.332"/>
</kw>
<kw name="Go To" library="SeleniumLibrary">
<arg>${cspartial login_page}</arg>
<doc>Navigates the current browser window to the provided ``url``.</doc>
<msg timestamp="20220815 16:35:04.332" level="INFO">Opening url 'https://caesarstone.my.salesforce.com/'</msg>
<status status="PASS" starttime="20220815 16:35:04.332" endtime="20220815 16:35:05.839"/>
</kw>
<kw name="Get Window Size" library="SeleniumLibrary">
<var>${G}</var>
<doc>Returns current window width and height as integers.</doc>
<msg timestamp="20220815 16:35:05.845" level="INFO">${G} = (1360, 768)</msg>
<status status="PASS" starttime="20220815 16:35:05.839" endtime="20220815 16:35:05.845"/>
</kw>
<kw name="Wait Until Page Contains" library="SeleniumLibrary">
<arg>Forgot Your Password?</arg>
<doc>Waits until ``text`` appears on the current page.</doc>
<status status="PASS" starttime="20220815 16:35:05.845" endtime="20220815 16:35:05.861"/>
</kw>
<kw name="Execute Javascript" library="SeleniumLibrary">
<arg>document.getElementById('username').value="sftestuser@caesarstone.com"</arg>
<doc>Executes the given JavaScript code with possible arguments.</doc>
<msg timestamp="20220815 16:35:05.863" level="INFO">Executing JavaScript:
document.getElementById('username').value="sftestuser@caesarstone.com"
Without any arguments.</msg>
<status status="PASS" starttime="20220815 16:35:05.861" endtime="20220815 16:35:05.868"/>
</kw>
<kw name="Capture Page Screenshot" library="SeleniumLibrary">
<doc>Takes a screenshot of the current page and embeds it into a log file.</doc>
<msg timestamp="20220815 16:35:06.090" level="INFO" html="true">&lt;/td&gt;&lt;/tr&gt;&lt;tr&gt;&lt;td colspan="3"&gt;&lt;a href="selenium-screenshot-93.png"&gt;&lt;img src="selenium-screenshot-93.png" width="800px"&gt;&lt;/a&gt;</msg>
<status status="PASS" starttime="20220815 16:35:05.868" endtime="20220815 16:35:06.090"/>
</kw>
<kw name="Execute Javascript" library="SeleniumLibrary">
<arg>document.getElementById('password').value="1q2w3e4r5t6y"</arg>
<doc>Executes the given JavaScript code with possible arguments.</doc>
<msg timestamp="20220815 16:35:06.092" level="INFO">Executing JavaScript:
document.getElementById('password').value="1q2w3e4r5t6y"
Without any arguments.</msg>
<status status="PASS" starttime="20220815 16:35:06.091" endtime="20220815 16:35:06.099"/>
</kw>
<kw name="Capture Page Screenshot" library="SeleniumLibrary">
<doc>Takes a screenshot of the current page and embeds it into a log file.</doc>
<msg timestamp="20220815 16:35:06.247" level="INFO" html="true">&lt;/td&gt;&lt;/tr&gt;&lt;tr&gt;&lt;td colspan="3"&gt;&lt;a href="selenium-screenshot-94.png"&gt;&lt;img src="selenium-screenshot-94.png" width="800px"&gt;&lt;/a&gt;</msg>
<status status="PASS" starttime="20220815 16:35:06.099" endtime="20220815 16:35:06.247"/>
</kw>
<kw name="Get Window Size" library="SeleniumLibrary">
<var>${G}</var>
<doc>Returns current window width and height as integers.</doc>
<msg timestamp="20220815 16:35:06.251" level="INFO">${G} = (1360, 768)</msg>
<status status="PASS" starttime="20220815 16:35:06.247" endtime="20220815 16:35:06.251"/>
</kw>
<kw name="Click Element" library="SeleniumLibrary">
<arg>rememberUn</arg>
<doc>Click the element identified by ``locator``.</doc>
<msg timestamp="20220815 16:35:06.251" level="INFO">Clicking element 'rememberUn'.</msg>
<status status="PASS" starttime="20220815 16:35:06.251" endtime="20220815 16:35:06.294"/>
</kw>
<kw name="Capture Page Screenshot" library="SeleniumLibrary">
<doc>Takes a screenshot of the current page and embeds it into a log file.</doc>
<msg timestamp="20220815 16:35:06.493" level="INFO" html="true">&lt;/td&gt;&lt;/tr&gt;&lt;tr&gt;&lt;td colspan="3"&gt;&lt;a href="selenium-screenshot-95.png"&gt;&lt;img src="selenium-screenshot-95.png" width="800px"&gt;&lt;/a&gt;</msg>
<status status="PASS" starttime="20220815 16:35:06.294" endtime="20220815 16:35:06.493"/>
</kw>
<kw name="Click Button" library="SeleniumLibrary">
<arg>Login</arg>
<doc>Clicks the button identified by ``locator``.</doc>
<msg timestamp="20220815 16:35:06.493" level="INFO">Clicking button 'Login'.</msg>
<status status="PASS" starttime="20220815 16:35:06.493" endtime="20220815 16:35:07.192"/>
</kw>
<kw name="Sleep" library="BuiltIn">
<arg>60s</arg>
<doc>Pauses the test executed for the given time.</doc>
<msg timestamp="20220815 16:36:07.208" level="INFO">Slept 1 minute</msg>
<status status="PASS" starttime="20220815 16:35:07.193" endtime="20220815 16:36:07.208"/>
</kw>
<kw name="Wait Until Page Contains Element" library="SeleniumLibrary">
<arg>xpath://*[contains(text(),"Caesarstone")]</arg>
<arg>60s</arg>
<doc>Waits until the element ``locator`` appears on the current page.</doc>
<msg timestamp="20220815 16:36:28.065" level="WARN">Keyword 'Capture Page Screenshot' could not be run on failure: Message: chrome not reachable
  (Session info: chrome=104.0.5112.81)
Stacktrace:
Backtrace:
	Ordinal0 [0x009F78B3+2193587]
	Ordinal0 [0x00990681+1771137]
	Ordinal0 [0x008A4070+802928]
	Ordinal0 [0x00899AB2+760498]
	Ordinal0 [0x0088CEAF+708271]
	Ordinal0 [0x00891142+725314]
	Ordinal0 [0x008955C9+742857]
	Ordinal0 [0x008A5500+808192]
	Ordinal0 [0x008FD2C2+1168066]
	Ordinal0 [0x008ED5C6+1103302]
	Ordinal0 [0x008C77E0+948192]
	Ordinal0 [0x008C86E6+952038]
	GetHandleVerifier [0x00CA0CB2+2738370]
	GetHandleVerifier [0x00C921B8+2678216]
	GetHandleVerifier [0x00A817AA+512954]
	GetHandleVerifier [0x00A80856+509030]
	Ordinal0 [0x0099743B+1799227]
	Ordinal0 [0x0099BB68+1817448]
	Ordinal0 [0x0099BC55+1817685]
	Ordinal0 [0x009A5230+1856048]
	BaseThreadInitThunk [0x769EFA29+25]
	RtlGetAppContainerNamedObjectPath [0x77977A9E+286]
	RtlGetAppContainerNamedObjectPath [0x77977A6E+238]
</msg>
<msg timestamp="20220815 16:36:28.068" level="FAIL">WebDriverException: Message: chrome not reachable
  (Session info: chrome=104.0.5112.81)
Stacktrace:
Backtrace:
	Ordinal0 [0x009F78B3+2193587]
	Ordinal0 [0x00990681+1771137]
	Ordinal0 [0x008A4070+802928]
	Ordinal0 [0x00899AB2+760498]
	Ordinal0 [0x0088CEAF+708271]
	Ordinal0 [0x00891142+725314]
	Ordinal0 [0x008955C9+742857]
	Ordinal0 [0x008A5500+808192]
	Ordinal0 [0x008FD2C2+1168066]
	Ordinal0 [0x008ED5C6+1103302]
	Ordinal0 [0x008C77E0+948192]
	Ordinal0 [0x008C86E6+952038]
	GetHandleVerifier [0x00CA0CB2+2738370]
	GetHandleVerifier [0x00C921B8+2678216]
	GetHandleVerifier [0x00A817AA+512954]
	GetHandleVerifier [0x00A80856+509030]
	Ordinal0 [0x0099743B+1799227]
	Ordinal0 [0x0099BB68+1817448]
	Ordinal0 [0x0099BC55+1817685]
	Ordinal0 [0x009A5230+1856048]
	BaseThreadInitThunk [0x769EFA29+25]
	RtlGetAppContainerNamedObjectPath [0x77977A9E+286]
	RtlGetAppContainerNamedObjectPath [0x77977A6E+238]
</msg>
<status status="FAIL" starttime="20220815 16:36:07.208" endtime="20220815 16:36:28.073"/>
</kw>
<status status="FAIL" starttime="20220815 16:35:04.303" endtime="20220815 16:36:28.073"/>
</kw>
<status status="FAIL" starttime="20220815 16:35:00.990" endtime="20220815 16:36:28.073"/>
</kw>
<test id="s1-t1" name="E2E Create Qoute" line="28">
<status status="FAIL" starttime="20220815 16:36:28.073" endtime="20220815 16:36:28.075">Parent suite setup failed:
WebDriverException: Message: chrome not reachable
  (Session info: chrome=104.0.5112.81)
Stacktrace:
Backtrace:
	Ordinal0 [0x009F78B3+2193587]
	Ordinal0 [0x00990681+1771137]
	Ordinal0 [0x008A4070+802928]
	Ordinal0 [0x00899AB2+760498]
	Ordinal0 [0x0088CEAF+708271]
	Ordinal0 [0x00891142+725314]
	Ordinal0 [0x008955C9+742857]
	Ordinal0 [0x008A5500+808192]
	Ordinal0 [0x008FD2C2+1168066]
	Ordinal0 [0x008ED5C6+1103302]
	Ordinal0 [0x008C77E0+948192]
	Ordinal0 [0x008C86E6+952038]
	GetHandleVerifier [0x00CA0CB2+2738370]
	GetHandleVerifier [0x00C921B8+2678216]
	GetHandleVerifier [0x00A817AA+512954]
	GetHandleVerifier [0x00A80856+509030]
	Ordinal0 [0x0099743B+1799227]
	Ordinal0 [0x0099BB68+1817448]
	Ordinal0 [0x0099BC55+1817685]
	Ordinal0 [0x009A5230+1856048]
	BaseThreadInitThunk [0x769EFA29+25]
	RtlGetAppContainerNamedObjectPath [0x77977A9E+286]
	RtlGetAppContainerNamedObjectPath [0x77977A6E+238]
</status>
</test>
<kw name="Terminate Web Tests" library="Common" type="TEARDOWN">
<kw name="Sleep" library="BuiltIn">
<arg>5s</arg>
<doc>Pauses the test executed for the given time.</doc>
<msg timestamp="20220815 16:36:33.091" level="INFO">Slept 5 seconds</msg>
<status status="PASS" starttime="20220815 16:36:28.078" endtime="20220815 16:36:33.091"/>
</kw>
<kw name="Close Browser" library="SeleniumLibrary">
<doc>Closes the current browser.</doc>
<status status="PASS" starttime="20220815 16:36:33.091" endtime="20220815 16:36:35.204"/>
</kw>
<status status="PASS" starttime="20220815 16:36:28.078" endtime="20220815 16:36:35.205"/>
</kw>
<doc>Create Qoute (QC) End to end testing automation for Caesar Stone (Retailer and Fabricator)</doc>
<status status="FAIL" starttime="20220815 16:35:00.161" endtime="20220815 16:36:35.205">Suite setup failed:
WebDriverException: Message: chrome not reachable
  (Session info: chrome=104.0.5112.81)
Stacktrace:
Backtrace:
	Ordinal0 [0x009F78B3+2193587]
	Ordinal0 [0x00990681+1771137]
	Ordinal0 [0x008A4070+802928]
	Ordinal0 [0x00899AB2+760498]
	Ordinal0 [0x0088CEAF+708271]
	Ordinal0 [0x00891142+725314]
	Ordinal0 [0x008955C9+742857]
	Ordinal0 [0x008A5500+808192]
	Ordinal0 [0x008FD2C2+1168066]
	Ordinal0 [0x008ED5C6+1103302]
	Ordinal0 [0x008C77E0+948192]
	Ordinal0 [0x008C86E6+952038]
	GetHandleVerifier [0x00CA0CB2+2738370]
	GetHandleVerifier [0x00C921B8+2678216]
	GetHandleVerifier [0x00A817AA+512954]
	GetHandleVerifier [0x00A80856+509030]
	Ordinal0 [0x0099743B+1799227]
	Ordinal0 [0x0099BB68+1817448]
	Ordinal0 [0x0099BC55+1817685]
	Ordinal0 [0x009A5230+1856048]
	BaseThreadInitThunk [0x769EFA29+25]
	RtlGetAppContainerNamedObjectPath [0x77977A9E+286]
	RtlGetAppContainerNamedObjectPath [0x77977A6E+238]
</status>
</suite>
<statistics>
<total>
<stat pass="0" fail="1" skip="0">All Tests</stat>
</total>
<tag>
</tag>
<suite>
<stat pass="0" fail="1" skip="0" id="s1" name="E2E-CreateQoute">E2E-CreateQoute</stat>
</suite>
</statistics>
<errors>
<msg timestamp="20220815 16:35:00.938" level="ERROR">Error in file 'C:\Users\abeer.hasan\Desktop\CaesarStone-Prod\Processes\API's Keywords.robot' on line 3: Importing library 'JSONLibrary' failed: ModuleNotFoundError: No module named 'JSONLibrary'
Traceback (most recent call last):
  None
PYTHONPATH:
  C:\python\Python310\Scripts\robot.exe
  C:\python\Python310\python310.zip
  C:\python\Python310\DLLs
  C:\python\Python310\lib
  C:\python\Python310
  C:\python\Python310\lib\site-packages</msg>
<msg timestamp="20220815 16:36:28.065" level="WARN">Keyword 'Capture Page Screenshot' could not be run on failure: Message: chrome not reachable
  (Session info: chrome=104.0.5112.81)
Stacktrace:
Backtrace:
	Ordinal0 [0x009F78B3+2193587]
	Ordinal0 [0x00990681+1771137]
	Ordinal0 [0x008A4070+802928]
	Ordinal0 [0x00899AB2+760498]
	Ordinal0 [0x0088CEAF+708271]
	Ordinal0 [0x00891142+725314]
	Ordinal0 [0x008955C9+742857]
	Ordinal0 [0x008A5500+808192]
	Ordinal0 [0x008FD2C2+1168066]
	Ordinal0 [0x008ED5C6+1103302]
	Ordinal0 [0x008C77E0+948192]
	Ordinal0 [0x008C86E6+952038]
	GetHandleVerifier [0x00CA0CB2+2738370]
	GetHandleVerifier [0x00C921B8+2678216]
	GetHandleVerifier [0x00A817AA+512954]
	GetHandleVerifier [0x00A80856+509030]
	Ordinal0 [0x0099743B+1799227]
	Ordinal0 [0x0099BB68+1817448]
	Ordinal0 [0x0099BC55+1817685]
	Ordinal0 [0x009A5230+1856048]
	BaseThreadInitThunk [0x769EFA29+25]
	RtlGetAppContainerNamedObjectPath [0x77977A9E+286]
	RtlGetAppContainerNamedObjectPath [0x77977A6E+238]
</msg>
</errors>
</robot>
